<?xml version="1.0" encoding="UTF-8"?>
<!-- Generated by org.testng.reporters.JUnitReportReporter -->
<testsuite hostname="DESKTOP-2L70A79" failures="0" tests="2" name="groupExecution.Test2" time="0.002" errors="0" timestamp="2024-09-30T15:35:01 IST" skipped="0">
  <testcase classname="groupExecution.Test2" name="demo2" time="0.001"/>
  <system-out/>
  <testcase classname="groupExecution.Test2" name="demo3" time="0.001"/>
  <system-out/>
</testsuite> <!-- groupExecution.Test2 -->
