<?xml version="1.0" encoding="UTF-8"?>
<!-- Generated by org.testng.reporters.JUnitReportReporter -->
<testsuite hostname="DESKTOP-2L70A79" failures="0" tests="3" name="distributedParallel.Test2" time="0.013" errors="0" timestamp="2024-10-02T15:19:29 IST" skipped="0">
  <testcase classname="distributedParallel.Test2" name="demo1" time="0.011"/>
  <system-out/>
  <testcase classname="distributedParallel.Test2" name="demo3" time="0.000"/>
  <system-out/>
  <testcase classname="distributedParallel.Test2" name="demo2" time="0.002"/>
  <system-out/>
</testsuite> <!-- distributedParallel.Test2 -->
