<?xml version="1.0" encoding="UTF-8"?>
<!-- Generated by org.testng.reporters.JUnitReportReporter -->
<testsuite hostname="DESKTOP-2L70A79" failures="0" tests="3" name="testng.DataProviders" time="0.008" errors="0" timestamp="2024-10-01T16:40:34 IST" skipped="0">
  <testcase classname="testng.DataProviders" name="bookTicketTest" time="0.001"/>
  <system-out/>
  <testcase classname="testng.DataProviders" name="bookTicketTest" time="0.001"/>
  <system-out/>
  <testcase classname="testng.DataProviders" name="bookTicketTest" time="0.006"/>
  <system-out/>
</testsuite> <!-- testng.DataProviders -->
