<?xml version="1.0" encoding="UTF-8"?>
<!-- Generated by org.testng.reporters.JUnitReportReporter -->
<testsuite hostname="DESKTOP-2L70A79" failures="0" tests="4" name="testng.PriorityInvocationCountEnabled" time="0.003" errors="0" timestamp="2024-09-30T15:13:09 IST" skipped="1">
  <testcase classname="testng.PriorityInvocationCountEnabled" name="demo3" time="0.001"/>
  <system-out>
    <![CDATA[demo3]]>
  </system-out>
  <testcase classname="testng.PriorityInvocationCountEnabled" name="demo3" time="0.001"/>
  <system-out>
    <![CDATA[demo3]]>
  </system-out>
  <testcase classname="testng.PriorityInvocationCountEnabled" name="demo4" time="0.001"/>
  <system-out>
    <![CDATA[demo4]]>
  </system-out>
  <testcase classname="testng.PriorityInvocationCountEnabled" name="demo2">
    <skipped/>
  </testcase> <!-- demo2 -->
  <system-out/>
</testsuite> <!-- testng.PriorityInvocationCountEnabled -->
