<?xml version="1.0" encoding="UTF-8"?>
<!-- Generated by org.testng.reporters.JUnitReportReporter -->
<testsuite hostname="DESKTOP-2L70A79" failures="0" tests="1" name="vtigerTests.CreateAndDuplicateLeadTest" time="12.287" errors="0" timestamp="2024-10-03T15:49:18 IST" skipped="0">
  <testcase classname="vtigerTests.CreateAndDuplicateLeadTest" name="createLeadTest" time="12.287"/>
  <system-out/>
</testsuite> <!-- vtigerTests.CreateAndDuplicateLeadTest -->
