<?xml version="1.0" encoding="UTF-8"?>
<!-- Generated by org.testng.reporters.JUnitReportReporter -->
<testsuite hostname="DESKTOP-2L70A79" failures="0" tests="1" name="vtigerTests.CreateEventTest" time="10.667" errors="0" timestamp="2024-10-03T16:11:37 IST" skipped="0">
  <testcase classname="vtigerTests.CreateEventTest" name="createEventTest" time="10.667"/>
  <system-out/>
</testsuite> <!-- vtigerTests.CreateEventTest -->
