<?xml version="1.0" encoding="UTF-8"?>
<!-- Generated by org.testng.reporters.JUnitReportReporter -->
<testsuite hostname="DESKTOP-2L70A79" failures="0" tests="1" name="testng.SampleTest" time="0.000" errors="0" timestamp="2024-09-30T15:13:09 IST" skipped="0">
  <testcase classname="testng.SampleTest" name="demo" time="0.000"/>
  <system-out>
    <![CDATA[Hello World!]]>
  </system-out>
</testsuite> <!-- testng.SampleTest -->
