<?xml version="1.0" encoding="UTF-8"?>
<!-- Generated by org.testng.reporters.JUnitReportReporter -->
<testsuite hostname="DESKTOP-2L70A79" failures="0" tests="1" name="vtigerTests.CreateAndDuplicateLeadTest" time="11.827" errors="0" timestamp="2024-10-16T16:56:29 IST" skipped="0">
  <testcase classname="vtigerTests.CreateAndDuplicateLeadTest" name="createLeadTest" time="11.827"/>
  <system-out/>
</testsuite> <!-- vtigerTests.CreateAndDuplicateLeadTest -->
