<?xml version="1.0" encoding="UTF-8"?>
<!-- Generated by org.testng.reporters.JUnitReportReporter -->
<testsuite hostname="DESKTOP-2L70A79" failures="0" tests="3" name="crossBrowserParallel.Test1" time="5.426" errors="0" timestamp="2024-10-02T15:08:27 IST" skipped="0">
  <testcase classname="crossBrowserParallel.Test1" name="googleTest" time="2.071"/>
  <system-out/>
  <testcase classname="crossBrowserParallel.Test1" name="googleTest" time="2.016"/>
  <system-out/>
  <testcase classname="crossBrowserParallel.Test1" name="googleTest" time="1.339"/>
  <system-out/>
</testsuite> <!-- crossBrowserParallel.Test1 -->
