<?xml version="1.0" encoding="UTF-8"?>
<!-- Generated by org.testng.reporters.JUnitReportReporter -->
<testsuite hostname="DESKTOP-2L70A79" failures="0" tests="1" name="testng.GetSystemAndBrowserProperties" time="1.908" errors="0" timestamp="2024-10-16T16:03:39 IST" skipped="0">
  <testcase classname="testng.GetSystemAndBrowserProperties" name="demo" time="1.908"/>
  <system-out/>
</testsuite> <!-- testng.GetSystemAndBrowserProperties -->
