<?xml version="1.0" encoding="UTF-8"?>
<!-- Generated by org.testng.reporters.JUnitReportReporter -->
<testsuite hostname="DESKTOP-2L70A79" failures="0" tests="3" name="crossBrowserParallel.Test2" time="8.500" errors="0" timestamp="2024-10-01T15:29:33 IST" skipped="0">
  <testcase classname="crossBrowserParallel.Test2" name="zomatoTest" time="2.605"/>
  <system-out/>
  <testcase classname="crossBrowserParallel.Test2" name="zomatoTest" time="3.115"/>
  <system-out/>
  <testcase classname="crossBrowserParallel.Test2" name="zomatoTest" time="2.780"/>
  <system-out/>
</testsuite> <!-- crossBrowserParallel.Test2 -->
