<?xml version="1.0" encoding="UTF-8"?>
<!-- Generated by org.testng.reporters.JUnitReportReporter -->
<testsuite hostname="DESKTOP-2L70A79" failures="0" tests="3" name="crossBrowserParallel.Test2" time="9.206" errors="0" timestamp="2024-10-02T15:08:27 IST" skipped="0">
  <testcase classname="crossBrowserParallel.Test2" name="zomatoTest" time="3.583"/>
  <system-out/>
  <testcase classname="crossBrowserParallel.Test2" name="zomatoTest" time="3.117"/>
  <system-out/>
  <testcase classname="crossBrowserParallel.Test2" name="zomatoTest" time="2.506"/>
  <system-out/>
</testsuite> <!-- crossBrowserParallel.Test2 -->
