<?xml version="1.0" encoding="UTF-8"?>
<!-- Generated by org.testng.reporters.JUnitReportReporter -->
<testsuite hostname="DESKTOP-2L70A79" failures="0" tests="1" name="annotations.TestClass" time="3.611" errors="0" timestamp="2024-09-28T16:32:29 IST" skipped="0">
  <testcase classname="annotations.TestClass" name="createCategoryTest" time="3.611"/>
  <system-out/>
</testsuite> <!-- annotations.TestClass -->
