<?xml version="1.0" encoding="UTF-8"?>
<!-- Generated by org.testng.reporters.JUnitReportReporter -->
<testsuite hostname="DESKTOP-2L70A79" failures="0" tests="1" name="vtigerTests.CreateContactTest" time="37.051" errors="0" timestamp="2024-10-16T16:41:31 IST" skipped="0">
  <testcase classname="vtigerTests.CreateContactTest" name="createContactWithOrgTest" time="37.051"/>
  <system-out/>
</testsuite> <!-- vtigerTests.CreateContactTest -->
