<?xml version="1.0" encoding="UTF-8"?>
<!-- Generated by org.testng.reporters.JUnitReportReporter -->
<testsuite hostname="DESKTOP-2L70A79" failures="0" tests="3" name="distributedParallel.Test3" time="0.005" errors="0" timestamp="2024-09-30T16:14:12 IST" skipped="0">
  <testcase classname="distributedParallel.Test3" name="demo3" time="0.001"/>
  <system-out/>
  <testcase classname="distributedParallel.Test3" name="demo1" time="0.003"/>
  <system-out/>
  <testcase classname="distributedParallel.Test3" name="demo2" time="0.001"/>
  <system-out/>
</testsuite> <!-- distributedParallel.Test3 -->
