<?xml version="1.0" encoding="UTF-8"?>
<!-- Generated by org.testng.reporters.JUnitReportReporter -->
<testsuite hostname="DESKTOP-2L70A79" failures="0" tests="1" name="distributedParallel.Test4" time="0.005" errors="0" timestamp="2024-10-02T15:20:34 IST" skipped="0">
  <testcase classname="distributedParallel.Test4" name="demo1" time="0.005"/>
  <system-out/>
</testsuite> <!-- distributedParallel.Test4 -->
