<?xml version="1.0" encoding="UTF-8"?>
<!-- Generated by org.testng.reporters.JUnitReportReporter -->
<testsuite hostname="DESKTOP-2L70A79" failures="0" tests="1" name="groupExecution.Test3" time="0.005" errors="0" timestamp="2024-10-02T15:10:30 IST" skipped="0">
  <testcase classname="groupExecution.Test3" name="demo1" time="0.005"/>
  <system-out/>
</testsuite> <!-- groupExecution.Test3 -->
