<?xml version="1.0" encoding="UTF-8"?>
<!-- Generated by org.testng.reporters.JUnitReportReporter -->
<testsuite hostname="DESKTOP-2L70A79" failures="0" tests="1" name="vtigerTests.CreateEventTest" time="11.015" errors="0" timestamp="2024-10-16T16:41:31 IST" skipped="0">
  <testcase classname="vtigerTests.CreateEventTest" name="createEventTest" time="11.015"/>
  <system-out/>
</testsuite> <!-- vtigerTests.CreateEventTest -->
